2022-09-25 20:15:31 INFO  Pipemixed:321 - MULTI-PIPE PROGRAM INVOKED
2022-09-25 20:15:31 INFO  Pipemixed:322 - INITIALIZING AND DECLARING STRING "ANSWER" VARIABLE TO STORE RESULT OF EACH COMMAND
2022-09-25 20:15:31 WARN  Pipemixed:323 - INPUT FORM CLI...
2022-09-25 20:15:31 DEBUG Pipemixed:327 - STORING AND SPLITTING INPUT - []
2022-09-25 20:15:31 INFO  Pipemixed:334 - INPUT MANIPULATION : 
2022-09-25 20:15:31 DEBUG Pipemixed:340 - Data - cat d1.txt
2022-09-25 20:15:31 DEBUG Pipemixed:340 - Data - head -3
2022-09-25 20:15:31 INFO  Pipemixed:344 - CALLING METHODS ONE BY ONE
2022-09-25 20:15:31 INFO  Pipemixed:267 - SELECT METHOD - cat d1.txt
2022-09-25 20:15:31 DEBUG Pipemixed:269 - SWITCH INPUT - [cat, d1.txt]
2022-09-25 20:15:31 INFO  Pipemixed:127 - CAT COMMAND FILE PATH- /Users/azuga/IdeaProjects/javatraining/out/production/javatraining/d1.txt
2022-09-25 20:15:31 DEBUG Pipemixed:129 - DATA -
Secondly, Science made us reach to the moon. But we never stopped there. It also gave us a glance at Mars. This is one of the greatest achievements. This was only possible with Science. These days Scientists make many satellites. Because of which we are using high-speed Internet. These satellites revolve around the earth every day and night. Even without making us aware of it.
Science is the backbone of our society. Science gave us so much in our present time. Due to this, the teacher in our schools teaches Science from an early age.

2022-09-25 20:15:31 INFO  Pipemixed:130 - CAT -RETURNED
2022-09-25 20:15:31 INFO  Pipemixed:314 - SELECT -RETURNED
2022-09-25 20:15:31 DEBUG Pipemixed:349 - EXECUTING -PIPE - head -3
2022-09-25 20:15:31 INFO  Pipemixed:267 - SELECT METHOD - head -3
2022-09-25 20:15:31 DEBUG Pipemixed:269 - SWITCH INPUT - [head, -3]
2022-09-25 20:15:31 INFO  Pipemixed:71 - STORED VALUE - 
Secondly, Science made us reach to the moon. But we never stopped there. It also gave us a glance at Mars. This is one of the greatest achievements. This was only possible with Science. These days Scientists make many satellites. Because of which we are using high-speed Internet. These satellites revolve around the earth every day and night. Even without making us aware of it.
Science is the backbone of our society. Science gave us so much in our present time. Due to this, the teacher in our schools teaches Science from an early age.

2022-09-25 20:15:31 INFO  Pipemixed:72 - HEAD INPUT NUMBER - 3
2022-09-25 20:15:31 DEBUG Pipemixed:85 - HEAD - DATA - 
2022-09-25 20:15:31 DEBUG Pipemixed:85 - HEAD - DATA - Secondly, Science made us reach to the moon. But we never stopped there. It also gave us a glance at Mars. This is one of the greatest achievements. This was only possible with Science. These days Scientists make many satellites. Because of which we are using high-speed Internet. These satellites revolve around the earth every day and night. Even without making us aware of it.
2022-09-25 20:15:31 DEBUG Pipemixed:85 - HEAD - DATA - Science is the backbone of our society. Science gave us so much in our present time. Due to this, the teacher in our schools teaches Science from an early age.
2022-09-25 20:15:31 INFO  Pipemixed:87 - HEAD -RETURNED
2022-09-25 20:15:31 INFO  Pipemixed:314 - SELECT -RETURNED
2022-09-25 20:15:31 ERROR Pipemixed:357 - INPUT ERROR - main - java.lang.IndexOutOfBoundsException: Index 2 out of bounds for length 2
